๐ === ุจุฏุก ุงูุฏูุน ุงููุณุชูุฑ === ๐
โก LEGEND-AI Auto-Push System Activated
๐ ุงูุฏูุน ูู 60 ุซุงููุฉ ุฅูู main branch

[2025-08-12 07:31:59] ๐ ูุญุต ุงูุชุญุฏูุซุงุช...
[2025-08-12 07:31:59] ๐ ุชุบููุฑุงุช ุฌุฏูุฏุฉ ูู ุงููุดุฑูุน ุงูุฑุฆูุณู
[2025-08-12 07:31:59] ๐ ุฏูุน ุฅูู main...
To https://github.com/devnasser/zero
   ac54dbb..4a23d97  main -> main
[2025-08-12 07:31:59] โ ูุฌุญ ุงูุฏูุน ุฅูู main
[2025-08-12 07:31:59] ๐ ุชุบููุฑุงุช ุฌุฏูุฏุฉ ูู ูุทุนุชู
[2025-08-12 07:31:59] โ commit ูุทุนุชู ููุชูู
[2025-08-12 07:31:59] ๐ด ุงูุชุธุงุฑ 60 ุซุงููุฉ...

[2025-08-12 07:33:00] ๐ ูุญุต ุงูุชุญุฏูุซุงุช...
[2025-08-12 07:33:00] ๐ ุชุบููุฑุงุช ุฌุฏูุฏุฉ ูู ุงููุดุฑูุน ุงูุฑุฆูุณู
[2025-08-12 07:33:00] ๐ ุฏูุน ุฅูู main...
To https://github.com/devnasser/zero
   4a23d97..2460289  main -> main
[2025-08-12 07:33:00] โ ูุฌุญ ุงูุฏูุน ุฅูู main
[2025-08-12 07:33:00] ๐ ุชุบููุฑุงุช ุฌุฏูุฏุฉ ูู ูุทุนุชู
[2025-08-12 07:33:00] โ commit ูุทุนุชู ููุชูู
[2025-08-12 07:33:00] ๐ด ุงูุชุธุงุฑ 60 ุซุงููุฉ...

[2025-08-12 07:34:01] ๐ ูุญุต ุงูุชุญุฏูุซุงุช...
[2025-08-12 07:34:01] ๐ ุชุบููุฑุงุช ุฌุฏูุฏุฉ ูู ุงููุดุฑูุน ุงูุฑุฆูุณู
[2025-08-12 07:34:01] ๐ ุฏูุน ุฅูู main...
To https://github.com/devnasser/zero
   2460289..e955650  main -> main
[2025-08-12 07:34:01] โ ูุฌุญ ุงูุฏูุน ุฅูู main
[2025-08-12 07:34:01] ๐ ุชุบููุฑุงุช ุฌุฏูุฏุฉ ูู ูุทุนุชู
[2025-08-12 07:34:01] โ commit ูุทุนุชู ููุชูู
[2025-08-12 07:34:01] ๐ด ุงูุชุธุงุฑ 60 ุซุงููุฉ...

[2025-08-12 07:35:02] ๐ ูุญุต ุงูุชุญุฏูุซุงุช...
[2025-08-12 07:35:02] ๐ ุชุบููุฑุงุช ุฌุฏูุฏุฉ ูู ุงููุดุฑูุน ุงูุฑุฆูุณู
[2025-08-12 07:35:02] ๐ ุฏูุน ุฅูู main...
To https://github.com/devnasser/zero
   e955650..0678cc9  main -> main
[2025-08-12 07:35:02] โ ูุฌุญ ุงูุฏูุน ุฅูู main
[2025-08-12 07:35:02] ๐ ุชุบููุฑุงุช ุฌุฏูุฏุฉ ูู ูุทุนุชู
[2025-08-12 07:35:02] โ commit ูุทุนุชู ููุชูู
[2025-08-12 07:35:02] ๐ด ุงูุชุธุงุฑ 60 ุซุงููุฉ...

[2025-08-12 07:36:03] ๐ ูุญุต ุงูุชุญุฏูุซุงุช...
[2025-08-12 07:36:03] ๐ ุชุบููุฑุงุช ุฌุฏูุฏุฉ ูู ุงููุดุฑูุน ุงูุฑุฆูุณู
[2025-08-12 07:36:03] ๐ ุฏูุน ุฅูู main...
To https://github.com/devnasser/zero
   0678cc9..f1414f5  main -> main
[2025-08-12 07:36:03] โ ูุฌุญ ุงูุฏูุน ุฅูู main
[2025-08-12 07:36:03] ๐ ุชุบููุฑุงุช ุฌุฏูุฏุฉ ูู ูุทุนุชู
