nohup: ignoring input
๐ === ุจุฏุก ุงูุฏูุน ุงููุณุชูุฑ === ๐
โก LEGEND-AI Auto-Push System Activated
๐ ุงูุฏูุน ูู 60 ุซุงููุฉ ุฅูู main branch

[2025-08-12 07:31:59] ๐ ูุญุต ุงูุชุญุฏูุซุงุช...
[2025-08-12 07:31:59] ๐ ุชุบููุฑุงุช ุฌุฏูุฏุฉ ูู ุงููุดุฑูุน ุงูุฑุฆูุณู
[main 4a23d97] ๐ค LEGEND-AI Swarm: Continuous Progress Update - 2025-08-12 07:31:59
 2 files changed, 13 insertions(+)
 create mode 100644 continuous-push-output.log
 create mode 100644 continuous-push.log
[2025-08-12 07:31:59] ๐ ุฏูุน ุฅูู main...
To https://github.com/devnasser/zero
   ac54dbb..4a23d97  main -> main
[2025-08-12 07:31:59] โ ูุฌุญ ุงูุฏูุน ุฅูู main
[2025-08-12 07:31:59] ๐ ุชุบููุฑุงุช ุฌุฏูุฏุฉ ูู ูุทุนุชู
[main 6d5c132] ๐ ูุทุนุชู Auto-Update: 2025-08-12 07:31:59
 2 files changed, 14 insertions(+)
[2025-08-12 07:31:59] โ commit ูุทุนุชู ููุชูู
[2025-08-12 07:31:59] ๐ด ุงูุชุธุงุฑ 60 ุซุงููุฉ...

[2025-08-12 07:33:00] ๐ ูุญุต ุงูุชุญุฏูุซุงุช...
[2025-08-12 07:33:00] ๐ ุชุบููุฑุงุช ุฌุฏูุฏุฉ ูู ุงููุดุฑูุน ุงูุฑุฆูุณู
[main 2460289] ๐ค LEGEND-AI Swarm: Continuous Progress Update - 2025-08-12 07:33:00
 2 files changed, 4 insertions(+)
[2025-08-12 07:33:00] ๐ ุฏูุน ุฅูู main...
To https://github.com/devnasser/zero
   4a23d97..2460289  main -> main
[2025-08-12 07:33:00] โ ูุฌุญ ุงูุฏูุน ุฅูู main
[2025-08-12 07:33:00] ๐ ุชุบููุฑุงุช ุฌุฏูุฏุฉ ูู ูุทุนุชู
[main 94f88c6] ๐ ูุทุนุชู Auto-Update: 2025-08-12 07:33:00
 2 files changed, 12 insertions(+)
[2025-08-12 07:33:00] โ commit ูุทุนุชู ููุชูู
[2025-08-12 07:33:00] ๐ด ุงูุชุธุงุฑ 60 ุซุงููุฉ...

[2025-08-12 07:34:01] ๐ ูุญุต ุงูุชุญุฏูุซุงุช...
[2025-08-12 07:34:01] ๐ ุชุบููุฑุงุช ุฌุฏูุฏุฉ ูู ุงููุดุฑูุน ุงูุฑุฆูุณู
[main e955650] ๐ค LEGEND-AI Swarm: Continuous Progress Update - 2025-08-12 07:34:01
 2 files changed, 12 insertions(+)
[2025-08-12 07:34:01] ๐ ุฏูุน ุฅูู main...
To https://github.com/devnasser/zero
   2460289..e955650  main -> main
[2025-08-12 07:34:01] โ ูุฌุญ ุงูุฏูุน ุฅูู main
[2025-08-12 07:34:01] ๐ ุชุบููุฑุงุช ุฌุฏูุฏุฉ ูู ูุทุนุชู
[main 0b3dc18] ๐ ูุทุนุชู Auto-Update: 2025-08-12 07:34:01
 2 files changed, 12 insertions(+)
[2025-08-12 07:34:01] โ commit ูุทุนุชู ููุชูู
[2025-08-12 07:34:01] ๐ด ุงูุชุธุงุฑ 60 ุซุงููุฉ...

[2025-08-12 07:35:02] ๐ ูุญุต ุงูุชุญุฏูุซุงุช...
[2025-08-12 07:35:02] ๐ ุชุบููุฑุงุช ุฌุฏูุฏุฉ ูู ุงููุดุฑูุน ุงูุฑุฆูุณู
[main 0678cc9] ๐ค LEGEND-AI Swarm: Continuous Progress Update - 2025-08-12 07:35:02
 2 files changed, 12 insertions(+)
[2025-08-12 07:35:02] ๐ ุฏูุน ุฅูู main...
To https://github.com/devnasser/zero
   e955650..0678cc9  main -> main
[2025-08-12 07:35:02] โ ูุฌุญ ุงูุฏูุน ุฅูู main
[2025-08-12 07:35:02] ๐ ุชุบููุฑุงุช ุฌุฏูุฏุฉ ูู ูุทุนุชู
[main b41d2fa] ๐ ูุทุนุชู Auto-Update: 2025-08-12 07:35:02
 2 files changed, 12 insertions(+)
[2025-08-12 07:35:02] โ commit ูุทุนุชู ููุชูู
[2025-08-12 07:35:02] ๐ด ุงูุชุธุงุฑ 60 ุซุงููุฉ...

[2025-08-12 07:36:03] ๐ ูุญุต ุงูุชุญุฏูุซุงุช...
[2025-08-12 07:36:03] ๐ ุชุบููุฑุงุช ุฌุฏูุฏุฉ ูู ุงููุดุฑูุน ุงูุฑุฆูุณู
[main f1414f5] ๐ค LEGEND-AI Swarm: Continuous Progress Update - 2025-08-12 07:36:03
 2 files changed, 12 insertions(+)
[2025-08-12 07:36:03] ๐ ุฏูุน ุฅูู main...
To https://github.com/devnasser/zero
   0678cc9..f1414f5  main -> main
[2025-08-12 07:36:03] โ ูุฌุญ ุงูุฏูุน ุฅูู main
[2025-08-12 07:36:03] ๐ ุชุบููุฑุงุช ุฌุฏูุฏุฉ ูู ูุทุนุชู
[main d65917b] ๐ ูุทุนุชู Auto-Update: 2025-08-12 07:36:03
 2 files changed, 12 insertions(+)
[2025-08-12 07:36:03] โ commit ูุทุนุชู ููุชูู
[2025-08-12 07:36:03] ๐ด ุงูุชุธุงุฑ 60 ุซุงููุฉ...

[2025-08-12 07:37:04] ๐ ูุญุต ุงูุชุญุฏูุซุงุช...
[2025-08-12 07:37:04] ๐ ุชุบููุฑุงุช ุฌุฏูุฏุฉ ูู ุงููุดุฑูุน ุงูุฑุฆูุณู
[main c4758c6] ๐ค LEGEND-AI Swarm: Continuous Progress Update - 2025-08-12 07:37:04
 2 files changed, 12 insertions(+)
[2025-08-12 07:37:04] ๐ ุฏูุน ุฅูู main...
To https://github.com/devnasser/zero
   f1414f5..c4758c6  main -> main
[2025-08-12 07:37:04] โ ูุฌุญ ุงูุฏูุน ุฅูู main
[2025-08-12 07:37:04] ๐ ุชุบููุฑุงุช ุฌุฏูุฏุฉ ูู ูุทุนุชู
[main 677eb56] ๐ ูุทุนุชู Auto-Update: 2025-08-12 07:37:04
 2 files changed, 12 insertions(+)
[2025-08-12 07:37:04] โ commit ูุทุนุชู ููุชูู
[2025-08-12 07:37:04] ๐ด ุงูุชุธุงุฑ 60 ุซุงููุฉ...

[2025-08-12 07:38:05] ๐ ูุญุต ุงูุชุญุฏูุซุงุช...
[2025-08-12 07:38:05] ๐ ุชุบููุฑุงุช ุฌุฏูุฏุฉ ูู ุงููุดุฑูุน ุงูุฑุฆูุณู
