
===== Mon Aug 11 08:44:59 PM UTC 2025 =====

===== SYSTEM =====
|total|used|free|shared|available||
|Mem|16017 MiB|1973 MiB|3669 MiB|22 MiB|14044 MiB|

===== DISK =====
|FS|Size|Used|Avail|Use%|Mounted|
|overlay|126G|9.9G|110G|9%|/|

===== CONTAINERS =====
time="2025-08-11T20:44:59Z" level=warning msg="Using cgroups-v1 which is deprecated in favor of cgroups-v2 with Podman v5 and will be removed in a future version. Set environment variable `PODMAN_IGNORE_CGROUPSV1_WARNING` to hide this warning."
time="2025-08-11T20:44:59Z" level=warning msg="Using cgroups-v1 which is deprecated in favor of cgroups-v2 with Podman v5 and will be removed in a future version. Set environment variable `PODMAN_IGNORE_CGROUPSV1_WARNING` to hide this warning."
NAMES                       STATUS                    IMAGE
team-infra_prometheus_1     Up 22 minutes             docker.io/prom/prometheus:v2.53.3
team-infra_cadvisor_1       Up 22 minutes (starting)  gcr.io/cadvisor/cadvisor:v0.49.1
team-infra_node-exporter_1  Up 22 minutes             docker.io/prom/node-exporter:v1.8.0
team-infra_postgres_1       Up 6 minutes              docker.io/library/postgres:15-alpine

===== TEAM_TASKS PROGRESS =====
time="2025-08-11T20:44:59Z" level=warning msg="Using cgroups-v1 which is deprecated in favor of cgroups-v2 with Podman v5 and will be removed in a future version. Set environment variable `PODMAN_IGNORE_CGROUPSV1_WARNING` to hide this warning."
time="2025-08-11T20:44:59Z" level=warning msg="Using cgroups-v1 which is deprecated in favor of cgroups-v2 with Podman v5 and will be removed in a future version. Set environment variable `PODMAN_IGNORE_CGROUPSV1_WARNING` to hide this warning."
|الحالة|العدد|
|نجاح|0|
|تشغيل|0|
|فشل|0|
|الإجمالي|0|

> نسبة الإنجاز: 0%

===== LOAD =====
| | 20:45:00 up | 1:42, | 0 user, | load average: 0.00, 0.13, 0.17

===== Mon Aug 11 08:45:30 PM UTC 2025 =====

===== SYSTEM =====
|total|used|free|shared|available||
|Mem|16017 MiB|2011 MiB|3630 MiB|22 MiB|14005 MiB|

===== DISK =====
|FS|Size|Used|Avail|Use%|Mounted|
|overlay|126G|9.9G|110G|9%|/|

===== CONTAINERS =====
time="2025-08-11T20:45:30Z" level=warning msg="Using cgroups-v1 which is deprecated in favor of cgroups-v2 with Podman v5 and will be removed in a future version. Set environment variable `PODMAN_IGNORE_CGROUPSV1_WARNING` to hide this warning."
time="2025-08-11T20:45:30Z" level=warning msg="Using cgroups-v1 which is deprecated in favor of cgroups-v2 with Podman v5 and will be removed in a future version. Set environment variable `PODMAN_IGNORE_CGROUPSV1_WARNING` to hide this warning."
NAMES                       STATUS                    IMAGE
team-infra_prometheus_1     Up 22 minutes             docker.io/prom/prometheus:v2.53.3
team-infra_cadvisor_1       Up 22 minutes (starting)  gcr.io/cadvisor/cadvisor:v0.49.1
team-infra_node-exporter_1  Up 22 minutes             docker.io/prom/node-exporter:v1.8.0
team-infra_postgres_1       Up 6 minutes              docker.io/library/postgres:15-alpine

===== TEAM_TASKS PROGRESS =====
time="2025-08-11T20:45:30Z" level=warning msg="Using cgroups-v1 which is deprecated in favor of cgroups-v2 with Podman v5 and will be removed in a future version. Set environment variable `PODMAN_IGNORE_CGROUPSV1_WARNING` to hide this warning."
time="2025-08-11T20:45:30Z" level=warning msg="Using cgroups-v1 which is deprecated in favor of cgroups-v2 with Podman v5 and will be removed in a future version. Set environment variable `PODMAN_IGNORE_CGROUPSV1_WARNING` to hide this warning."
|الحالة|العدد|
|نجاح|0|
|تشغيل|0|
|فشل|0|
|الإجمالي|0|

> نسبة الإنجاز: 0%

===== LOAD =====
| | 20:45:30 up | 1:43, | 0 user, | load average: 0.00, 0.11, 0.16
